2022-10-11 14:35:03,332 [JavaFX Application Thread] INFO  marytts.main Mary starting up...
2022-10-11 14:35:03,336 [JavaFX Application Thread] INFO  marytts.main Specification version 5.2.1
2022-10-11 14:35:03,337 [JavaFX Application Thread] INFO  marytts.main Implementation version unknown
2022-10-11 14:35:03,337 [JavaFX Application Thread] INFO  marytts.main Running on a Java 1.8.0_202 implementation by Oracle Corporation, on a Windows 10 platform (amd64, 10.0)
2022-10-11 14:35:03,428 [JavaFX Application Thread] INFO  marytts.ModuleRegistry Now initiating mary module 'marytts.modules.Synthesis'
2022-10-11 14:35:03,433 [JavaFX Application Thread] INFO  marytts.ModuleRegistry Now initiating mary module 'marytts.modules.TextToMaryXML'
2022-10-11 14:35:03,442 [JavaFX Application Thread] INFO  marytts.ModuleRegistry Now initiating mary module 'marytts.modules.SableParser'
2022-10-11 14:35:03,443 [JavaFX Application Thread] INFO  marytts.ModuleRegistry Now initiating mary module 'marytts.modules.SSMLParser'
2022-10-11 14:35:03,444 [JavaFX Application Thread] INFO  marytts.ModuleRegistry Now initiating mary module 'marytts.modules.APMLParser'
2022-10-11 14:35:03,444 [JavaFX Application Thread] INFO  marytts.ModuleRegistry Now initiating mary module 'marytts.modules.EmotionmlParser'
2022-10-11 14:35:03,445 [JavaFX Application Thread] INFO  marytts.ModuleRegistry Now initiating mary module 'marytts.modules.JTokeniser'
2022-10-11 14:35:03,446 [JavaFX Application Thread] INFO  marytts.ModuleRegistry Now initiating mary module 'marytts.modules.DummyTokens2Words'
2022-10-11 14:35:03,446 [JavaFX Application Thread] INFO  marytts.ModuleRegistry Now initiating mary module 'marytts.modules.ProsodyGeneric'
2022-10-11 14:35:03,450 [JavaFX Application Thread] INFO  marytts.ModuleRegistry Now initiating mary module 'marytts.modules.PronunciationModel'
2022-10-11 14:35:03,451 [JavaFX Application Thread] INFO  marytts.ModuleRegistry Now initiating mary module 'marytts.modules.TargetFeatureLister'
2022-10-11 14:35:03,453 [JavaFX Application Thread] INFO  marytts.ModuleRegistry Now initiating mary module 'marytts.modules.HalfPhoneTargetFeatureLister'
2022-10-11 14:35:03,453 [JavaFX Application Thread] INFO  marytts.ModuleRegistry Now initiating mary module 'marytts.modules.AcousticModeller'
2022-10-11 14:35:03,454 [JavaFX Application Thread] INFO  marytts.ModuleRegistry Now initiating mary module 'marytts.modules.RealisedAcoustparamsExtractor'
2022-10-11 14:35:03,454 [JavaFX Application Thread] INFO  marytts.ModuleRegistry Now initiating mary module 'marytts.modules.RealisedDurationsExtractor'
2022-10-11 14:35:03,455 [JavaFX Application Thread] INFO  marytts.ModuleRegistry Now initiating mary module 'marytts.modules.HTSEngine'
2022-10-11 14:35:03,456 [JavaFX Application Thread] INFO  marytts.ModuleRegistry Now initiating mary module 'marytts.modules.PraatTextGridGenerator'
2022-10-11 14:35:03,458 [JavaFX Application Thread] INFO  marytts.ModuleRegistry Now initiating mary module 'marytts.language.en.JTokeniser'
2022-10-11 14:35:03,458 [JavaFX Application Thread] INFO  marytts.ModuleRegistry Now initiating mary module 'marytts.language.en.Preprocess'
2022-10-11 14:35:03,679 [JavaFX Application Thread] INFO  marytts.ModuleRegistry Now initiating mary module 'marytts.modules.JPhonemiser(en_US.)'
2022-10-11 14:35:03,682 [JavaFX Application Thread] INFO  marytts.JPhonemiser User dictionary '.\user-dictionaries\userdict-en_US.txt' for locale 'en_US' does not exist. Ignoring.
2022-10-11 14:35:03,770 [JavaFX Application Thread] INFO  marytts.ModuleRegistry Now initiating mary module 'marytts.modules.JPhonemiser(en_GB.)'
2022-10-11 14:35:03,770 [JavaFX Application Thread] INFO  marytts.JPhonemiser User dictionary '.\user-dictionaries\userdict-en_GB.txt' for locale 'en_GB' does not exist. Ignoring.
2022-10-11 14:35:03,842 [JavaFX Application Thread] INFO  marytts.ModuleRegistry Now initiating mary module 'marytts.language.en.Prosody'
2022-10-11 14:35:03,843 [JavaFX Application Thread] INFO  marytts.ModuleRegistry Now initiating mary module 'marytts.modules.SimplePhoneme2AP(en_US)'
2022-10-11 14:35:03,844 [JavaFX Application Thread] INFO  marytts.ModuleRegistry Now initiating mary module 'marytts.language.en.PronunciationModel'
2022-10-11 14:35:03,845 [JavaFX Application Thread] INFO  marytts.ModuleRegistry Now initiating mary module 'marytts.modules.OpenNLPPosTagger(en,en.pos)'
2022-10-11 14:35:03,852 [JavaFX Application Thread] INFO  marytts.UnitSelectionSynthesizer started.
2022-10-11 14:35:03,853 [JavaFX Application Thread] INFO  marytts.TargetFeatureLister Module started (ACOUSTPARAMS->TARGETFEATURES, locale null).
2022-10-11 14:35:03,853 [JavaFX Application Thread] INFO  marytts.HTSEngine Module started (TARGETFEATURES->AUDIO, locale null).
2022-10-11 14:35:03,880 [JavaFX Application Thread] INFO  marytts.HMMData Loading Tree Set in CARTs:
2022-10-11 14:35:03,982 [JavaFX Application Thread] INFO  marytts.HMMData Loading GV Model Set:
2022-10-11 14:35:04,198 [JavaFX Application Thread] INFO  marytts.Voice Registering voice `cmu-slt-hsmm': female, locale en_US
2022-10-11 14:35:04,198 [JavaFX Application Thread] INFO  marytts.Voice New default voice for locale en_US: cmu-slt-hsmm (desire 0)
2022-10-11 14:35:04,199 [JavaFX Application Thread] INFO  marytts.HMMSynthesizer started.
2022-10-11 14:35:04,199 [JavaFX Application Thread] INFO  marytts.Synthesis Module started (ACOUSTPARAMS->AUDIO, locale null).
2022-10-11 14:35:04,199 [JavaFX Application Thread] INFO  marytts.HMMSynthesizer Starting power-on self test.
2022-10-11 14:35:04,238 [JavaFX Application Thread] INFO  marytts.HTSEngine Using prosody from acoustparams.
2022-10-11 14:35:04,241 [JavaFX Application Thread] INFO  marytts.HTSEngine Number of models in sentence numModel=7  Total number of states numState=35
2022-10-11 14:35:04,241 [JavaFX Application Thread] INFO  marytts.HTSEngine Total number of frames=147  Number of voiced frames=89
2022-10-11 14:35:04,249 [JavaFX Application Thread] INFO  marytts.ParameterGeneration Parameter generation for MGC: 
2022-10-11 14:35:04,250 [JavaFX Application Thread] INFO  marytts.PStream Context-dependent global variance optimization: gvLength = 107
2022-10-11 14:35:04,255 [JavaFX Application Thread] INFO  marytts.PStream Gradient GV optimization for feature: (0)  number of iterations=23
2022-10-11 14:35:04,267 [JavaFX Application Thread] INFO  marytts.PStream Gradient GV optimization for feature: (1)  number of iterations=54
2022-10-11 14:35:04,273 [JavaFX Application Thread] INFO  marytts.PStream Gradient GV optimization for feature: (2)  number of iterations=38
2022-10-11 14:35:04,276 [JavaFX Application Thread] INFO  marytts.PStream Gradient GV optimization for feature: (3)  number of iterations=20
2022-10-11 14:35:04,278 [JavaFX Application Thread] INFO  marytts.PStream Gradient GV optimization for feature: (4)  number of iterations=13
2022-10-11 14:35:04,280 [JavaFX Application Thread] INFO  marytts.PStream Gradient GV optimization for feature: (5)  number of iterations=21
2022-10-11 14:35:04,282 [JavaFX Application Thread] INFO  marytts.PStream Gradient GV optimization for feature: (6)  number of iterations=7
2022-10-11 14:35:04,283 [JavaFX Application Thread] INFO  marytts.PStream Gradient GV optimization for feature: (7)  number of iterations=4
2022-10-11 14:35:04,285 [JavaFX Application Thread] INFO  marytts.PStream Gradient GV optimization for feature: (8)  number of iterations=11
2022-10-11 14:35:04,287 [JavaFX Application Thread] INFO  marytts.PStream Gradient GV optimization for feature: (9)  number of iterations=19
2022-10-11 14:35:04,289 [JavaFX Application Thread] INFO  marytts.PStream Gradient GV optimization for feature: (10)  number of iterations=16
2022-10-11 14:35:04,290 [JavaFX Application Thread] INFO  marytts.PStream Gradient GV optimization for feature: (11)  number of iterations=9
2022-10-11 14:35:04,291 [JavaFX Application Thread] INFO  marytts.PStream Gradient GV optimization for feature: (12)  number of iterations=2
2022-10-11 14:35:04,292 [JavaFX Application Thread] INFO  marytts.PStream Gradient GV optimization for feature: (13)  number of iterations=13
2022-10-11 14:35:04,293 [JavaFX Application Thread] INFO  marytts.PStream Gradient GV optimization for feature: (14)  number of iterations=12
2022-10-11 14:35:04,294 [JavaFX Application Thread] INFO  marytts.PStream Gradient GV optimization for feature: (15)  number of iterations=14
2022-10-11 14:35:04,295 [JavaFX Application Thread] INFO  marytts.PStream Gradient GV optimization for feature: (16)  number of iterations=15
2022-10-11 14:35:04,296 [JavaFX Application Thread] INFO  marytts.PStream Gradient GV optimization for feature: (17)  number of iterations=14
2022-10-11 14:35:04,298 [JavaFX Application Thread] INFO  marytts.PStream Gradient GV optimization for feature: (18)  number of iterations=19
2022-10-11 14:35:04,299 [JavaFX Application Thread] INFO  marytts.PStream Gradient GV optimization for feature: (19)  number of iterations=12
2022-10-11 14:35:04,300 [JavaFX Application Thread] INFO  marytts.PStream Gradient GV optimization for feature: (20)  number of iterations=17
2022-10-11 14:35:04,301 [JavaFX Application Thread] INFO  marytts.PStream Gradient GV optimization for feature: (21)  number of iterations=23
2022-10-11 14:35:04,302 [JavaFX Application Thread] INFO  marytts.PStream Gradient GV optimization for feature: (22)  number of iterations=12
2022-10-11 14:35:04,304 [JavaFX Application Thread] INFO  marytts.PStream Gradient GV optimization for feature: (23)  number of iterations=18
2022-10-11 14:35:04,305 [JavaFX Application Thread] INFO  marytts.PStream Gradient GV optimization for feature: (24)  number of iterations=12
2022-10-11 14:35:04,306 [JavaFX Application Thread] INFO  marytts.PStream Gradient GV optimization for feature: (25)  number of iterations=11
2022-10-11 14:35:04,307 [JavaFX Application Thread] INFO  marytts.PStream Gradient GV optimization for feature: (26)  number of iterations=13
2022-10-11 14:35:04,308 [JavaFX Application Thread] INFO  marytts.PStream Gradient GV optimization for feature: (27)  number of iterations=9
2022-10-11 14:35:04,309 [JavaFX Application Thread] INFO  marytts.PStream Gradient GV optimization for feature: (28)  number of iterations=13
2022-10-11 14:35:04,310 [JavaFX Application Thread] INFO  marytts.PStream Gradient GV optimization for feature: (29)  number of iterations=8
2022-10-11 14:35:04,311 [JavaFX Application Thread] INFO  marytts.PStream Gradient GV optimization for feature: (30)  number of iterations=11
2022-10-11 14:35:04,312 [JavaFX Application Thread] INFO  marytts.PStream Gradient GV optimization for feature: (31)  number of iterations=12
2022-10-11 14:35:04,313 [JavaFX Application Thread] INFO  marytts.PStream Gradient GV optimization for feature: (32)  number of iterations=7
2022-10-11 14:35:04,313 [JavaFX Application Thread] INFO  marytts.PStream Gradient GV optimization for feature: (33)  number of iterations=8
2022-10-11 14:35:04,315 [JavaFX Application Thread] INFO  marytts.PStream Gradient GV optimization for feature: (34)  number of iterations=12
2022-10-11 14:35:04,315 [JavaFX Application Thread] INFO  marytts.ParameterGeneration Using f0 from maryXML acoustparams
2022-10-11 14:35:04,316 [JavaFX Application Thread] INFO  marytts.PStream Context-dependent global variance optimization: gvLength = 107
2022-10-11 14:35:04,317 [JavaFX Application Thread] INFO  marytts.PStream Gradient GV optimization for feature: (0)  number of iterations=16
2022-10-11 14:35:04,318 [JavaFX Application Thread] INFO  marytts.PStream Gradient GV optimization for feature: (1)  number of iterations=2
2022-10-11 14:35:04,319 [JavaFX Application Thread] INFO  marytts.PStream Gradient GV optimization for feature: (2)  number of iterations=2
2022-10-11 14:35:04,320 [JavaFX Application Thread] INFO  marytts.PStream Gradient GV optimization for feature: (3)  number of iterations=8
2022-10-11 14:35:04,321 [JavaFX Application Thread] INFO  marytts.PStream Gradient GV optimization for feature: (4)  number of iterations=26
2022-10-11 14:35:04,332 [JavaFX Application Thread] INFO  marytts.HMMSynthesizer Power-on self test complete.
2022-10-11 14:35:04,333 [JavaFX Application Thread] INFO  marytts.TextToMaryXML Module started (TEXT->RAWMARYXML, locale null).
2022-10-11 14:35:04,333 [JavaFX Application Thread] INFO  marytts.TextToMaryXML Starting power-on self test.
2022-10-11 14:35:04,334 [JavaFX Application Thread] WARN  marytts.TextToMaryXML Locale is null, overriding with en_US
2022-10-11 14:35:04,335 [JavaFX Application Thread] WARN  marytts.TextToMaryXML Locale is null, overriding with en_US
2022-10-11 14:35:04,336 [JavaFX Application Thread] INFO  marytts.TextToMaryXML Power-on self test complete.
2022-10-11 14:35:04,682 [JavaFX Application Thread] INFO  marytts.SableParser Module started (SABLE->RAWMARYXML, locale null).
2022-10-11 14:35:04,682 [JavaFX Application Thread] INFO  marytts.SableParser Starting power-on self test.
2022-10-11 14:35:04,682 [JavaFX Application Thread] INFO  marytts.SableParser Power-on self test complete.
2022-10-11 14:35:04,775 [JavaFX Application Thread] INFO  marytts.SSMLParser Module started (SSML->RAWMARYXML, locale null).
2022-10-11 14:35:04,775 [JavaFX Application Thread] INFO  marytts.SSMLParser Starting power-on self test.
2022-10-11 14:35:04,775 [JavaFX Application Thread] INFO  marytts.SSMLParser Power-on self test complete.
2022-10-11 14:35:04,872 [JavaFX Application Thread] INFO  marytts.APMLParser Module started (APML->RAWMARYXML, locale null).
2022-10-11 14:35:04,873 [JavaFX Application Thread] INFO  marytts.APMLParser Starting power-on self test.
2022-10-11 14:35:04,873 [JavaFX Application Thread] INFO  marytts.APMLParser Power-on self test complete.
2022-10-11 14:35:04,919 [JavaFX Application Thread] INFO  marytts.EmotionmlParser Module started (EMOTIONML->RAWMARYXML, locale null).
2022-10-11 14:35:04,919 [JavaFX Application Thread] INFO  marytts.EmotionmlParser Starting power-on self test.
2022-10-11 14:35:04,920 [JavaFX Application Thread] INFO  marytts.EmotionmlParser Power-on self test complete.
2022-10-11 14:35:04,920 [JavaFX Application Thread] INFO  marytts.JTokeniser Module started (RAWMARYXML->TOKENS, locale null).
2022-10-17 10:02:22,374 [JavaFX Application Thread] INFO  marytts.main Mary starting up...
2022-10-17 10:02:22,380 [JavaFX Application Thread] INFO  marytts.main Specification version 5.2.1
2022-10-17 10:02:22,380 [JavaFX Application Thread] INFO  marytts.main Implementation version unknown
2022-10-17 10:02:22,380 [JavaFX Application Thread] INFO  marytts.main Running on a Java 1.8.0_202 implementation by Oracle Corporation, on a Windows 10 platform (amd64, 10.0)
2022-10-17 10:02:22,517 [JavaFX Application Thread] INFO  marytts.ModuleRegistry Now initiating mary module 'marytts.modules.Synthesis'
2022-10-17 10:02:22,523 [JavaFX Application Thread] INFO  marytts.ModuleRegistry Now initiating mary module 'marytts.modules.TextToMaryXML'
2022-10-17 10:02:22,524 [JavaFX Application Thread] INFO  marytts.ModuleRegistry Now initiating mary module 'marytts.modules.SableParser'
2022-10-17 10:02:22,525 [JavaFX Application Thread] INFO  marytts.ModuleRegistry Now initiating mary module 'marytts.modules.SSMLParser'
2022-10-17 10:02:22,526 [JavaFX Application Thread] INFO  marytts.ModuleRegistry Now initiating mary module 'marytts.modules.APMLParser'
2022-10-17 10:02:22,527 [JavaFX Application Thread] INFO  marytts.ModuleRegistry Now initiating mary module 'marytts.modules.EmotionmlParser'
2022-10-17 10:02:22,528 [JavaFX Application Thread] INFO  marytts.ModuleRegistry Now initiating mary module 'marytts.modules.JTokeniser'
2022-10-17 10:02:22,529 [JavaFX Application Thread] INFO  marytts.ModuleRegistry Now initiating mary module 'marytts.modules.DummyTokens2Words'
2022-10-17 10:02:22,529 [JavaFX Application Thread] INFO  marytts.ModuleRegistry Now initiating mary module 'marytts.modules.ProsodyGeneric'
2022-10-17 10:02:22,534 [JavaFX Application Thread] INFO  marytts.ModuleRegistry Now initiating mary module 'marytts.modules.PronunciationModel'
2022-10-17 10:02:22,535 [JavaFX Application Thread] INFO  marytts.ModuleRegistry Now initiating mary module 'marytts.modules.TargetFeatureLister'
2022-10-17 10:02:22,537 [JavaFX Application Thread] INFO  marytts.ModuleRegistry Now initiating mary module 'marytts.modules.HalfPhoneTargetFeatureLister'
2022-10-17 10:02:22,538 [JavaFX Application Thread] INFO  marytts.ModuleRegistry Now initiating mary module 'marytts.modules.AcousticModeller'
2022-10-17 10:02:22,541 [JavaFX Application Thread] INFO  marytts.ModuleRegistry Now initiating mary module 'marytts.modules.RealisedAcoustparamsExtractor'
2022-10-17 10:02:22,542 [JavaFX Application Thread] INFO  marytts.ModuleRegistry Now initiating mary module 'marytts.modules.RealisedDurationsExtractor'
2022-10-17 10:02:22,542 [JavaFX Application Thread] INFO  marytts.ModuleRegistry Now initiating mary module 'marytts.modules.HTSEngine'
2022-10-17 10:02:22,545 [JavaFX Application Thread] INFO  marytts.ModuleRegistry Now initiating mary module 'marytts.modules.PraatTextGridGenerator'
2022-10-17 10:02:22,547 [JavaFX Application Thread] INFO  marytts.ModuleRegistry Now initiating mary module 'marytts.language.en.JTokeniser'
2022-10-17 10:02:22,548 [JavaFX Application Thread] INFO  marytts.ModuleRegistry Now initiating mary module 'marytts.language.en.Preprocess'
2022-10-17 10:02:22,827 [JavaFX Application Thread] INFO  marytts.ModuleRegistry Now initiating mary module 'marytts.modules.JPhonemiser(en_US.)'
2022-10-17 10:02:22,829 [JavaFX Application Thread] INFO  marytts.JPhonemiser User dictionary '.\user-dictionaries\userdict-en_US.txt' for locale 'en_US' does not exist. Ignoring.
2022-10-17 10:02:22,953 [JavaFX Application Thread] INFO  marytts.ModuleRegistry Now initiating mary module 'marytts.modules.JPhonemiser(en_GB.)'
2022-10-17 10:02:22,954 [JavaFX Application Thread] INFO  marytts.JPhonemiser User dictionary '.\user-dictionaries\userdict-en_GB.txt' for locale 'en_GB' does not exist. Ignoring.
2022-10-17 10:02:23,037 [JavaFX Application Thread] INFO  marytts.ModuleRegistry Now initiating mary module 'marytts.language.en.Prosody'
2022-10-17 10:02:23,038 [JavaFX Application Thread] INFO  marytts.ModuleRegistry Now initiating mary module 'marytts.modules.SimplePhoneme2AP(en_US)'
2022-10-17 10:02:23,039 [JavaFX Application Thread] INFO  marytts.ModuleRegistry Now initiating mary module 'marytts.language.en.PronunciationModel'
2022-10-17 10:02:23,041 [JavaFX Application Thread] INFO  marytts.ModuleRegistry Now initiating mary module 'marytts.modules.OpenNLPPosTagger(en,en.pos)'
2022-10-17 10:02:23,048 [JavaFX Application Thread] INFO  marytts.UnitSelectionSynthesizer started.
2022-10-17 10:02:23,051 [JavaFX Application Thread] INFO  marytts.TargetFeatureLister Module started (ACOUSTPARAMS->TARGETFEATURES, locale null).
2022-10-17 10:02:23,051 [JavaFX Application Thread] INFO  marytts.HTSEngine Module started (TARGETFEATURES->AUDIO, locale null).
2022-10-17 10:02:23,092 [JavaFX Application Thread] INFO  marytts.HMMData Loading Tree Set in CARTs:
2022-10-17 10:02:23,227 [JavaFX Application Thread] INFO  marytts.HMMData Loading GV Model Set:
2022-10-17 10:02:23,485 [JavaFX Application Thread] INFO  marytts.Voice Registering voice `cmu-slt-hsmm': female, locale en_US
2022-10-17 10:02:23,485 [JavaFX Application Thread] INFO  marytts.Voice New default voice for locale en_US: cmu-slt-hsmm (desire 0)
2022-10-17 10:02:23,485 [JavaFX Application Thread] INFO  marytts.HMMSynthesizer started.
2022-10-17 10:02:23,485 [JavaFX Application Thread] INFO  marytts.Synthesis Module started (ACOUSTPARAMS->AUDIO, locale null).
2022-10-17 10:02:23,486 [JavaFX Application Thread] INFO  marytts.HMMSynthesizer Starting power-on self test.
2022-10-17 10:02:23,531 [JavaFX Application Thread] INFO  marytts.HTSEngine Using prosody from acoustparams.
2022-10-17 10:02:23,534 [JavaFX Application Thread] INFO  marytts.HTSEngine Number of models in sentence numModel=7  Total number of states numState=35
2022-10-17 10:02:23,534 [JavaFX Application Thread] INFO  marytts.HTSEngine Total number of frames=147  Number of voiced frames=89
2022-10-17 10:02:23,545 [JavaFX Application Thread] INFO  marytts.ParameterGeneration Parameter generation for MGC: 
2022-10-17 10:02:23,545 [JavaFX Application Thread] INFO  marytts.PStream Context-dependent global variance optimization: gvLength = 107
2022-10-17 10:02:23,567 [JavaFX Application Thread] INFO  marytts.PStream Gradient GV optimization for feature: (0)  number of iterations=23
2022-10-17 10:02:23,593 [JavaFX Application Thread] INFO  marytts.PStream Gradient GV optimization for feature: (1)  number of iterations=54
2022-10-17 10:02:23,600 [JavaFX Application Thread] INFO  marytts.PStream Gradient GV optimization for feature: (2)  number of iterations=38
2022-10-17 10:02:23,603 [JavaFX Application Thread] INFO  marytts.PStream Gradient GV optimization for feature: (3)  number of iterations=20
2022-10-17 10:02:23,605 [JavaFX Application Thread] INFO  marytts.PStream Gradient GV optimization for feature: (4)  number of iterations=13
2022-10-17 10:02:23,609 [JavaFX Application Thread] INFO  marytts.PStream Gradient GV optimization for feature: (5)  number of iterations=21
2022-10-17 10:02:23,614 [JavaFX Application Thread] INFO  marytts.PStream Gradient GV optimization for feature: (6)  number of iterations=7
2022-10-17 10:02:23,618 [JavaFX Application Thread] INFO  marytts.PStream Gradient GV optimization for feature: (7)  number of iterations=4
2022-10-17 10:02:23,620 [JavaFX Application Thread] INFO  marytts.PStream Gradient GV optimization for feature: (8)  number of iterations=11
2022-10-17 10:02:23,622 [JavaFX Application Thread] INFO  marytts.PStream Gradient GV optimization for feature: (9)  number of iterations=19
2022-10-17 10:02:23,623 [JavaFX Application Thread] INFO  marytts.PStream Gradient GV optimization for feature: (10)  number of iterations=16
2022-10-17 10:02:23,624 [JavaFX Application Thread] INFO  marytts.PStream Gradient GV optimization for feature: (11)  number of iterations=9
2022-10-17 10:02:23,626 [JavaFX Application Thread] INFO  marytts.PStream Gradient GV optimization for feature: (12)  number of iterations=2
2022-10-17 10:02:23,628 [JavaFX Application Thread] INFO  marytts.PStream Gradient GV optimization for feature: (13)  number of iterations=13
2022-10-17 10:02:23,630 [JavaFX Application Thread] INFO  marytts.PStream Gradient GV optimization for feature: (14)  number of iterations=12
2022-10-17 10:02:23,632 [JavaFX Application Thread] INFO  marytts.PStream Gradient GV optimization for feature: (15)  number of iterations=14
2022-10-17 10:02:23,634 [JavaFX Application Thread] INFO  marytts.PStream Gradient GV optimization for feature: (16)  number of iterations=15
2022-10-17 10:02:23,636 [JavaFX Application Thread] INFO  marytts.PStream Gradient GV optimization for feature: (17)  number of iterations=14
2022-10-17 10:02:23,639 [JavaFX Application Thread] INFO  marytts.PStream Gradient GV optimization for feature: (18)  number of iterations=19
2022-10-17 10:02:23,640 [JavaFX Application Thread] INFO  marytts.PStream Gradient GV optimization for feature: (19)  number of iterations=12
2022-10-17 10:02:23,642 [JavaFX Application Thread] INFO  marytts.PStream Gradient GV optimization for feature: (20)  number of iterations=17
2022-10-17 10:02:23,645 [JavaFX Application Thread] INFO  marytts.PStream Gradient GV optimization for feature: (21)  number of iterations=23
2022-10-17 10:02:23,647 [JavaFX Application Thread] INFO  marytts.PStream Gradient GV optimization for feature: (22)  number of iterations=12
2022-10-17 10:02:23,650 [JavaFX Application Thread] INFO  marytts.PStream Gradient GV optimization for feature: (23)  number of iterations=18
2022-10-17 10:02:23,652 [JavaFX Application Thread] INFO  marytts.PStream Gradient GV optimization for feature: (24)  number of iterations=12
2022-10-17 10:02:23,654 [JavaFX Application Thread] INFO  marytts.PStream Gradient GV optimization for feature: (25)  number of iterations=11
2022-10-17 10:02:23,655 [JavaFX Application Thread] INFO  marytts.PStream Gradient GV optimization for feature: (26)  number of iterations=13
2022-10-17 10:02:23,656 [JavaFX Application Thread] INFO  marytts.PStream Gradient GV optimization for feature: (27)  number of iterations=9
2022-10-17 10:02:23,658 [JavaFX Application Thread] INFO  marytts.PStream Gradient GV optimization for feature: (28)  number of iterations=13
2022-10-17 10:02:23,660 [JavaFX Application Thread] INFO  marytts.PStream Gradient GV optimization for feature: (29)  number of iterations=8
2022-10-17 10:02:23,661 [JavaFX Application Thread] INFO  marytts.PStream Gradient GV optimization for feature: (30)  number of iterations=11
2022-10-17 10:02:23,663 [JavaFX Application Thread] INFO  marytts.PStream Gradient GV optimization for feature: (31)  number of iterations=12
2022-10-17 10:02:23,665 [JavaFX Application Thread] INFO  marytts.PStream Gradient GV optimization for feature: (32)  number of iterations=7
2022-10-17 10:02:23,667 [JavaFX Application Thread] INFO  marytts.PStream Gradient GV optimization for feature: (33)  number of iterations=8
2022-10-17 10:02:23,668 [JavaFX Application Thread] INFO  marytts.PStream Gradient GV optimization for feature: (34)  number of iterations=12
2022-10-17 10:02:23,669 [JavaFX Application Thread] INFO  marytts.ParameterGeneration Using f0 from maryXML acoustparams
2022-10-17 10:02:23,671 [JavaFX Application Thread] INFO  marytts.PStream Context-dependent global variance optimization: gvLength = 107
2022-10-17 10:02:23,673 [JavaFX Application Thread] INFO  marytts.PStream Gradient GV optimization for feature: (0)  number of iterations=16
2022-10-17 10:02:23,673 [JavaFX Application Thread] INFO  marytts.PStream Gradient GV optimization for feature: (1)  number of iterations=2
2022-10-17 10:02:23,674 [JavaFX Application Thread] INFO  marytts.PStream Gradient GV optimization for feature: (2)  number of iterations=2
2022-10-17 10:02:23,675 [JavaFX Application Thread] INFO  marytts.PStream Gradient GV optimization for feature: (3)  number of iterations=8
2022-10-17 10:02:23,677 [JavaFX Application Thread] INFO  marytts.PStream Gradient GV optimization for feature: (4)  number of iterations=26
2022-10-17 10:02:23,692 [JavaFX Application Thread] INFO  marytts.HMMSynthesizer Power-on self test complete.
2022-10-17 10:02:23,693 [JavaFX Application Thread] INFO  marytts.TextToMaryXML Module started (TEXT->RAWMARYXML, locale null).
2022-10-17 10:02:23,694 [JavaFX Application Thread] INFO  marytts.TextToMaryXML Starting power-on self test.
2022-10-17 10:02:23,695 [JavaFX Application Thread] WARN  marytts.TextToMaryXML Locale is null, overriding with en_US
2022-10-17 10:02:23,695 [JavaFX Application Thread] WARN  marytts.TextToMaryXML Locale is null, overriding with en_US
2022-10-17 10:02:23,695 [JavaFX Application Thread] INFO  marytts.TextToMaryXML Power-on self test complete.
2022-10-17 10:02:24,204 [JavaFX Application Thread] INFO  marytts.SableParser Module started (SABLE->RAWMARYXML, locale null).
2022-10-17 10:02:24,204 [JavaFX Application Thread] INFO  marytts.SableParser Starting power-on self test.
2022-10-17 10:02:24,205 [JavaFX Application Thread] INFO  marytts.SableParser Power-on self test complete.
2022-10-17 10:02:24,317 [JavaFX Application Thread] INFO  marytts.SSMLParser Module started (SSML->RAWMARYXML, locale null).
2022-10-17 10:02:24,317 [JavaFX Application Thread] INFO  marytts.SSMLParser Starting power-on self test.
2022-10-17 10:02:24,318 [JavaFX Application Thread] INFO  marytts.SSMLParser Power-on self test complete.
2022-10-17 10:02:24,437 [JavaFX Application Thread] INFO  marytts.APMLParser Module started (APML->RAWMARYXML, locale null).
2022-10-17 10:02:24,437 [JavaFX Application Thread] INFO  marytts.APMLParser Starting power-on self test.
2022-10-17 10:02:24,438 [JavaFX Application Thread] INFO  marytts.APMLParser Power-on self test complete.
2022-10-17 10:02:24,506 [JavaFX Application Thread] INFO  marytts.EmotionmlParser Module started (EMOTIONML->RAWMARYXML, locale null).
2022-10-17 10:02:24,507 [JavaFX Application Thread] INFO  marytts.EmotionmlParser Starting power-on self test.
2022-10-17 10:02:24,507 [JavaFX Application Thread] INFO  marytts.EmotionmlParser Power-on self test complete.
2022-10-17 10:02:24,507 [JavaFX Application Thread] INFO  marytts.JTokeniser Module started (RAWMARYXML->TOKENS, locale null).
2022-10-17 10:04:24,860 [JavaFX Application Thread] INFO  marytts.main Mary starting up...
2022-10-17 10:04:24,864 [JavaFX Application Thread] INFO  marytts.main Specification version 5.2.1
2022-10-17 10:04:24,864 [JavaFX Application Thread] INFO  marytts.main Implementation version unknown
2022-10-17 10:04:24,864 [JavaFX Application Thread] INFO  marytts.main Running on a Java 1.8.0_202 implementation by Oracle Corporation, on a Windows 10 platform (amd64, 10.0)
2022-10-17 10:04:24,955 [JavaFX Application Thread] INFO  marytts.ModuleRegistry Now initiating mary module 'marytts.modules.Synthesis'
2022-10-17 10:04:24,960 [JavaFX Application Thread] INFO  marytts.ModuleRegistry Now initiating mary module 'marytts.modules.TextToMaryXML'
2022-10-17 10:04:24,960 [JavaFX Application Thread] INFO  marytts.ModuleRegistry Now initiating mary module 'marytts.modules.SableParser'
2022-10-17 10:04:24,960 [JavaFX Application Thread] INFO  marytts.ModuleRegistry Now initiating mary module 'marytts.modules.SSMLParser'
2022-10-17 10:04:24,960 [JavaFX Application Thread] INFO  marytts.ModuleRegistry Now initiating mary module 'marytts.modules.APMLParser'
2022-10-17 10:04:24,961 [JavaFX Application Thread] INFO  marytts.ModuleRegistry Now initiating mary module 'marytts.modules.EmotionmlParser'
2022-10-17 10:04:24,961 [JavaFX Application Thread] INFO  marytts.ModuleRegistry Now initiating mary module 'marytts.modules.JTokeniser'
2022-10-17 10:04:24,962 [JavaFX Application Thread] INFO  marytts.ModuleRegistry Now initiating mary module 'marytts.modules.DummyTokens2Words'
2022-10-17 10:04:24,962 [JavaFX Application Thread] INFO  marytts.ModuleRegistry Now initiating mary module 'marytts.modules.ProsodyGeneric'
2022-10-17 10:04:24,966 [JavaFX Application Thread] INFO  marytts.ModuleRegistry Now initiating mary module 'marytts.modules.PronunciationModel'
2022-10-17 10:04:24,967 [JavaFX Application Thread] INFO  marytts.ModuleRegistry Now initiating mary module 'marytts.modules.TargetFeatureLister'
2022-10-17 10:04:24,968 [JavaFX Application Thread] INFO  marytts.ModuleRegistry Now initiating mary module 'marytts.modules.HalfPhoneTargetFeatureLister'
2022-10-17 10:04:24,968 [JavaFX Application Thread] INFO  marytts.ModuleRegistry Now initiating mary module 'marytts.modules.AcousticModeller'
2022-10-17 10:04:24,970 [JavaFX Application Thread] INFO  marytts.ModuleRegistry Now initiating mary module 'marytts.modules.RealisedAcoustparamsExtractor'
2022-10-17 10:04:24,970 [JavaFX Application Thread] INFO  marytts.ModuleRegistry Now initiating mary module 'marytts.modules.RealisedDurationsExtractor'
2022-10-17 10:04:24,971 [JavaFX Application Thread] INFO  marytts.ModuleRegistry Now initiating mary module 'marytts.modules.HTSEngine'
2022-10-17 10:04:24,972 [JavaFX Application Thread] INFO  marytts.ModuleRegistry Now initiating mary module 'marytts.modules.PraatTextGridGenerator'
2022-10-17 10:04:24,973 [JavaFX Application Thread] INFO  marytts.ModuleRegistry Now initiating mary module 'marytts.language.en.JTokeniser'
2022-10-17 10:04:24,974 [JavaFX Application Thread] INFO  marytts.ModuleRegistry Now initiating mary module 'marytts.language.en.Preprocess'
2022-10-17 10:04:25,167 [JavaFX Application Thread] INFO  marytts.ModuleRegistry Now initiating mary module 'marytts.modules.JPhonemiser(en_US.)'
2022-10-17 10:04:25,169 [JavaFX Application Thread] INFO  marytts.JPhonemiser User dictionary '.\user-dictionaries\userdict-en_US.txt' for locale 'en_US' does not exist. Ignoring.
2022-10-17 10:04:25,256 [JavaFX Application Thread] INFO  marytts.ModuleRegistry Now initiating mary module 'marytts.modules.JPhonemiser(en_GB.)'
2022-10-17 10:04:25,257 [JavaFX Application Thread] INFO  marytts.JPhonemiser User dictionary '.\user-dictionaries\userdict-en_GB.txt' for locale 'en_GB' does not exist. Ignoring.
2022-10-17 10:04:25,320 [JavaFX Application Thread] INFO  marytts.ModuleRegistry Now initiating mary module 'marytts.language.en.Prosody'
2022-10-17 10:04:25,321 [JavaFX Application Thread] INFO  marytts.ModuleRegistry Now initiating mary module 'marytts.modules.SimplePhoneme2AP(en_US)'
2022-10-17 10:04:25,323 [JavaFX Application Thread] INFO  marytts.ModuleRegistry Now initiating mary module 'marytts.language.en.PronunciationModel'
2022-10-17 10:04:25,323 [JavaFX Application Thread] INFO  marytts.ModuleRegistry Now initiating mary module 'marytts.modules.OpenNLPPosTagger(en,en.pos)'
2022-10-17 10:04:25,330 [JavaFX Application Thread] INFO  marytts.UnitSelectionSynthesizer started.
2022-10-17 10:04:25,332 [JavaFX Application Thread] INFO  marytts.TargetFeatureLister Module started (ACOUSTPARAMS->TARGETFEATURES, locale null).
2022-10-17 10:04:25,332 [JavaFX Application Thread] INFO  marytts.HTSEngine Module started (TARGETFEATURES->AUDIO, locale null).
2022-10-17 10:04:25,361 [JavaFX Application Thread] INFO  marytts.HMMData Loading Tree Set in CARTs:
2022-10-17 10:04:25,463 [JavaFX Application Thread] INFO  marytts.HMMData Loading GV Model Set:
2022-10-17 10:04:25,677 [JavaFX Application Thread] INFO  marytts.Voice Registering voice `cmu-slt-hsmm': female, locale en_US
2022-10-17 10:04:25,677 [JavaFX Application Thread] INFO  marytts.Voice New default voice for locale en_US: cmu-slt-hsmm (desire 0)
2022-10-17 10:04:25,677 [JavaFX Application Thread] INFO  marytts.HMMSynthesizer started.
2022-10-17 10:04:25,677 [JavaFX Application Thread] INFO  marytts.Synthesis Module started (ACOUSTPARAMS->AUDIO, locale null).
2022-10-17 10:04:25,678 [JavaFX Application Thread] INFO  marytts.HMMSynthesizer Starting power-on self test.
2022-10-17 10:04:25,711 [JavaFX Application Thread] INFO  marytts.HTSEngine Using prosody from acoustparams.
2022-10-17 10:04:25,713 [JavaFX Application Thread] INFO  marytts.HTSEngine Number of models in sentence numModel=7  Total number of states numState=35
2022-10-17 10:04:25,713 [JavaFX Application Thread] INFO  marytts.HTSEngine Total number of frames=147  Number of voiced frames=89
2022-10-17 10:04:25,720 [JavaFX Application Thread] INFO  marytts.ParameterGeneration Parameter generation for MGC: 
2022-10-17 10:04:25,720 [JavaFX Application Thread] INFO  marytts.PStream Context-dependent global variance optimization: gvLength = 107
2022-10-17 10:04:25,725 [JavaFX Application Thread] INFO  marytts.PStream Gradient GV optimization for feature: (0)  number of iterations=23
2022-10-17 10:04:25,735 [JavaFX Application Thread] INFO  marytts.PStream Gradient GV optimization for feature: (1)  number of iterations=54
2022-10-17 10:04:25,740 [JavaFX Application Thread] INFO  marytts.PStream Gradient GV optimization for feature: (2)  number of iterations=38
2022-10-17 10:04:25,742 [JavaFX Application Thread] INFO  marytts.PStream Gradient GV optimization for feature: (3)  number of iterations=20
2022-10-17 10:04:25,744 [JavaFX Application Thread] INFO  marytts.PStream Gradient GV optimization for feature: (4)  number of iterations=13
2022-10-17 10:04:25,746 [JavaFX Application Thread] INFO  marytts.PStream Gradient GV optimization for feature: (5)  number of iterations=21
2022-10-17 10:04:25,749 [JavaFX Application Thread] INFO  marytts.PStream Gradient GV optimization for feature: (6)  number of iterations=7
2022-10-17 10:04:25,750 [JavaFX Application Thread] INFO  marytts.PStream Gradient GV optimization for feature: (7)  number of iterations=4
2022-10-17 10:04:25,751 [JavaFX Application Thread] INFO  marytts.PStream Gradient GV optimization for feature: (8)  number of iterations=11
2022-10-17 10:04:25,754 [JavaFX Application Thread] INFO  marytts.PStream Gradient GV optimization for feature: (9)  number of iterations=19
2022-10-17 10:04:25,755 [JavaFX Application Thread] INFO  marytts.PStream Gradient GV optimization for feature: (10)  number of iterations=16
2022-10-17 10:04:25,756 [JavaFX Application Thread] INFO  marytts.PStream Gradient GV optimization for feature: (11)  number of iterations=9
2022-10-17 10:04:25,756 [JavaFX Application Thread] INFO  marytts.PStream Gradient GV optimization for feature: (12)  number of iterations=2
2022-10-17 10:04:25,757 [JavaFX Application Thread] INFO  marytts.PStream Gradient GV optimization for feature: (13)  number of iterations=13
2022-10-17 10:04:25,758 [JavaFX Application Thread] INFO  marytts.PStream Gradient GV optimization for feature: (14)  number of iterations=12
2022-10-17 10:04:25,759 [JavaFX Application Thread] INFO  marytts.PStream Gradient GV optimization for feature: (15)  number of iterations=14
2022-10-17 10:04:25,760 [JavaFX Application Thread] INFO  marytts.PStream Gradient GV optimization for feature: (16)  number of iterations=15
2022-10-17 10:04:25,761 [JavaFX Application Thread] INFO  marytts.PStream Gradient GV optimization for feature: (17)  number of iterations=14
2022-10-17 10:04:25,762 [JavaFX Application Thread] INFO  marytts.PStream Gradient GV optimization for feature: (18)  number of iterations=19
2022-10-17 10:04:25,763 [JavaFX Application Thread] INFO  marytts.PStream Gradient GV optimization for feature: (19)  number of iterations=12
2022-10-17 10:04:25,764 [JavaFX Application Thread] INFO  marytts.PStream Gradient GV optimization for feature: (20)  number of iterations=17
2022-10-17 10:04:25,766 [JavaFX Application Thread] INFO  marytts.PStream Gradient GV optimization for feature: (21)  number of iterations=23
2022-10-17 10:04:25,767 [JavaFX Application Thread] INFO  marytts.PStream Gradient GV optimization for feature: (22)  number of iterations=12
2022-10-17 10:04:25,768 [JavaFX Application Thread] INFO  marytts.PStream Gradient GV optimization for feature: (23)  number of iterations=18
2022-10-17 10:04:25,769 [JavaFX Application Thread] INFO  marytts.PStream Gradient GV optimization for feature: (24)  number of iterations=12
2022-10-17 10:04:25,770 [JavaFX Application Thread] INFO  marytts.PStream Gradient GV optimization for feature: (25)  number of iterations=11
2022-10-17 10:04:25,771 [JavaFX Application Thread] INFO  marytts.PStream Gradient GV optimization for feature: (26)  number of iterations=13
2022-10-17 10:04:25,772 [JavaFX Application Thread] INFO  marytts.PStream Gradient GV optimization for feature: (27)  number of iterations=9
2022-10-17 10:04:25,773 [JavaFX Application Thread] INFO  marytts.PStream Gradient GV optimization for feature: (28)  number of iterations=13
2022-10-17 10:04:25,774 [JavaFX Application Thread] INFO  marytts.PStream Gradient GV optimization for feature: (29)  number of iterations=8
2022-10-17 10:04:25,774 [JavaFX Application Thread] INFO  marytts.PStream Gradient GV optimization for feature: (30)  number of iterations=11
2022-10-17 10:04:25,776 [JavaFX Application Thread] INFO  marytts.PStream Gradient GV optimization for feature: (31)  number of iterations=12
2022-10-17 10:04:25,776 [JavaFX Application Thread] INFO  marytts.PStream Gradient GV optimization for feature: (32)  number of iterations=7
2022-10-17 10:04:25,777 [JavaFX Application Thread] INFO  marytts.PStream Gradient GV optimization for feature: (33)  number of iterations=8
2022-10-17 10:04:25,778 [JavaFX Application Thread] INFO  marytts.PStream Gradient GV optimization for feature: (34)  number of iterations=12
2022-10-17 10:04:25,778 [JavaFX Application Thread] INFO  marytts.ParameterGeneration Using f0 from maryXML acoustparams
2022-10-17 10:04:25,781 [JavaFX Application Thread] INFO  marytts.PStream Context-dependent global variance optimization: gvLength = 107
2022-10-17 10:04:25,782 [JavaFX Application Thread] INFO  marytts.PStream Gradient GV optimization for feature: (0)  number of iterations=16
2022-10-17 10:04:25,782 [JavaFX Application Thread] INFO  marytts.PStream Gradient GV optimization for feature: (1)  number of iterations=2
2022-10-17 10:04:25,782 [JavaFX Application Thread] INFO  marytts.PStream Gradient GV optimization for feature: (2)  number of iterations=2
2022-10-17 10:04:25,783 [JavaFX Application Thread] INFO  marytts.PStream Gradient GV optimization for feature: (3)  number of iterations=8
2022-10-17 10:04:25,784 [JavaFX Application Thread] INFO  marytts.PStream Gradient GV optimization for feature: (4)  number of iterations=26
2022-10-17 10:04:25,794 [JavaFX Application Thread] INFO  marytts.HMMSynthesizer Power-on self test complete.
2022-10-17 10:04:25,795 [JavaFX Application Thread] INFO  marytts.TextToMaryXML Module started (TEXT->RAWMARYXML, locale null).
2022-10-17 10:04:25,795 [JavaFX Application Thread] INFO  marytts.TextToMaryXML Starting power-on self test.
2022-10-17 10:04:25,797 [JavaFX Application Thread] WARN  marytts.TextToMaryXML Locale is null, overriding with en_US
2022-10-17 10:04:25,797 [JavaFX Application Thread] WARN  marytts.TextToMaryXML Locale is null, overriding with en_US
2022-10-17 10:04:25,797 [JavaFX Application Thread] INFO  marytts.TextToMaryXML Power-on self test complete.
2022-10-17 10:04:26,133 [JavaFX Application Thread] INFO  marytts.SableParser Module started (SABLE->RAWMARYXML, locale null).
2022-10-17 10:04:26,133 [JavaFX Application Thread] INFO  marytts.SableParser Starting power-on self test.
2022-10-17 10:04:26,134 [JavaFX Application Thread] INFO  marytts.SableParser Power-on self test complete.
2022-10-17 10:04:26,217 [JavaFX Application Thread] INFO  marytts.SSMLParser Module started (SSML->RAWMARYXML, locale null).
2022-10-17 10:04:26,218 [JavaFX Application Thread] INFO  marytts.SSMLParser Starting power-on self test.
2022-10-17 10:04:26,218 [JavaFX Application Thread] INFO  marytts.SSMLParser Power-on self test complete.
2022-10-17 10:04:26,303 [JavaFX Application Thread] INFO  marytts.APMLParser Module started (APML->RAWMARYXML, locale null).
2022-10-17 10:04:26,303 [JavaFX Application Thread] INFO  marytts.APMLParser Starting power-on self test.
2022-10-17 10:04:26,303 [JavaFX Application Thread] INFO  marytts.APMLParser Power-on self test complete.
2022-10-17 10:04:26,346 [JavaFX Application Thread] INFO  marytts.EmotionmlParser Module started (EMOTIONML->RAWMARYXML, locale null).
2022-10-17 10:04:26,346 [JavaFX Application Thread] INFO  marytts.EmotionmlParser Starting power-on self test.
2022-10-17 10:04:26,347 [JavaFX Application Thread] INFO  marytts.EmotionmlParser Power-on self test complete.
2022-10-17 10:04:26,347 [JavaFX Application Thread] INFO  marytts.JTokeniser Module started (RAWMARYXML->TOKENS, locale null).
2022-10-17 10:06:31,743 [JavaFX Application Thread] INFO  marytts.main Mary starting up...
2022-10-17 10:06:31,747 [JavaFX Application Thread] INFO  marytts.main Specification version 5.2.1
2022-10-17 10:06:31,747 [JavaFX Application Thread] INFO  marytts.main Implementation version unknown
2022-10-17 10:06:31,747 [JavaFX Application Thread] INFO  marytts.main Running on a Java 1.8.0_202 implementation by Oracle Corporation, on a Windows 10 platform (amd64, 10.0)
2022-10-17 10:06:31,853 [JavaFX Application Thread] INFO  marytts.ModuleRegistry Now initiating mary module 'marytts.modules.Synthesis'
2022-10-17 10:06:31,857 [JavaFX Application Thread] INFO  marytts.ModuleRegistry Now initiating mary module 'marytts.modules.TextToMaryXML'
2022-10-17 10:06:31,858 [JavaFX Application Thread] INFO  marytts.ModuleRegistry Now initiating mary module 'marytts.modules.SableParser'
2022-10-17 10:06:31,859 [JavaFX Application Thread] INFO  marytts.ModuleRegistry Now initiating mary module 'marytts.modules.SSMLParser'
2022-10-17 10:06:31,860 [JavaFX Application Thread] INFO  marytts.ModuleRegistry Now initiating mary module 'marytts.modules.APMLParser'
2022-10-17 10:06:31,861 [JavaFX Application Thread] INFO  marytts.ModuleRegistry Now initiating mary module 'marytts.modules.EmotionmlParser'
2022-10-17 10:06:31,862 [JavaFX Application Thread] INFO  marytts.ModuleRegistry Now initiating mary module 'marytts.modules.JTokeniser'
2022-10-17 10:06:31,863 [JavaFX Application Thread] INFO  marytts.ModuleRegistry Now initiating mary module 'marytts.modules.DummyTokens2Words'
2022-10-17 10:06:31,863 [JavaFX Application Thread] INFO  marytts.ModuleRegistry Now initiating mary module 'marytts.modules.ProsodyGeneric'
2022-10-17 10:06:31,868 [JavaFX Application Thread] INFO  marytts.ModuleRegistry Now initiating mary module 'marytts.modules.PronunciationModel'
2022-10-17 10:06:31,870 [JavaFX Application Thread] INFO  marytts.ModuleRegistry Now initiating mary module 'marytts.modules.TargetFeatureLister'
2022-10-17 10:06:31,870 [JavaFX Application Thread] INFO  marytts.ModuleRegistry Now initiating mary module 'marytts.modules.HalfPhoneTargetFeatureLister'
2022-10-17 10:06:31,871 [JavaFX Application Thread] INFO  marytts.ModuleRegistry Now initiating mary module 'marytts.modules.AcousticModeller'
2022-10-17 10:06:31,873 [JavaFX Application Thread] INFO  marytts.ModuleRegistry Now initiating mary module 'marytts.modules.RealisedAcoustparamsExtractor'
2022-10-17 10:06:31,873 [JavaFX Application Thread] INFO  marytts.ModuleRegistry Now initiating mary module 'marytts.modules.RealisedDurationsExtractor'
2022-10-17 10:06:31,874 [JavaFX Application Thread] INFO  marytts.ModuleRegistry Now initiating mary module 'marytts.modules.HTSEngine'
2022-10-17 10:06:31,876 [JavaFX Application Thread] INFO  marytts.ModuleRegistry Now initiating mary module 'marytts.modules.PraatTextGridGenerator'
2022-10-17 10:06:31,877 [JavaFX Application Thread] INFO  marytts.ModuleRegistry Now initiating mary module 'marytts.language.en.JTokeniser'
2022-10-17 10:06:31,878 [JavaFX Application Thread] INFO  marytts.ModuleRegistry Now initiating mary module 'marytts.language.en.Preprocess'
2022-10-17 10:06:32,110 [JavaFX Application Thread] INFO  marytts.ModuleRegistry Now initiating mary module 'marytts.modules.JPhonemiser(en_US.)'
2022-10-17 10:06:32,112 [JavaFX Application Thread] INFO  marytts.JPhonemiser User dictionary '.\user-dictionaries\userdict-en_US.txt' for locale 'en_US' does not exist. Ignoring.
2022-10-17 10:06:32,190 [JavaFX Application Thread] INFO  marytts.ModuleRegistry Now initiating mary module 'marytts.modules.JPhonemiser(en_GB.)'
2022-10-17 10:06:32,191 [JavaFX Application Thread] INFO  marytts.JPhonemiser User dictionary '.\user-dictionaries\userdict-en_GB.txt' for locale 'en_GB' does not exist. Ignoring.
2022-10-17 10:06:32,249 [JavaFX Application Thread] INFO  marytts.ModuleRegistry Now initiating mary module 'marytts.language.en.Prosody'
2022-10-17 10:06:32,250 [JavaFX Application Thread] INFO  marytts.ModuleRegistry Now initiating mary module 'marytts.modules.SimplePhoneme2AP(en_US)'
2022-10-17 10:06:32,251 [JavaFX Application Thread] INFO  marytts.ModuleRegistry Now initiating mary module 'marytts.language.en.PronunciationModel'
2022-10-17 10:06:32,252 [JavaFX Application Thread] INFO  marytts.ModuleRegistry Now initiating mary module 'marytts.modules.OpenNLPPosTagger(en,en.pos)'
2022-10-17 10:06:32,258 [JavaFX Application Thread] INFO  marytts.UnitSelectionSynthesizer started.
2022-10-17 10:06:32,260 [JavaFX Application Thread] INFO  marytts.TargetFeatureLister Module started (ACOUSTPARAMS->TARGETFEATURES, locale null).
2022-10-17 10:06:32,260 [JavaFX Application Thread] INFO  marytts.HTSEngine Module started (TARGETFEATURES->AUDIO, locale null).
2022-10-17 10:06:32,294 [JavaFX Application Thread] INFO  marytts.HMMData Loading Tree Set in CARTs:
2022-10-17 10:06:32,403 [JavaFX Application Thread] INFO  marytts.HMMData Loading GV Model Set:
2022-10-17 10:06:32,640 [JavaFX Application Thread] INFO  marytts.Voice Registering voice `cmu-slt-hsmm': female, locale en_US
2022-10-17 10:06:32,640 [JavaFX Application Thread] INFO  marytts.Voice New default voice for locale en_US: cmu-slt-hsmm (desire 0)
2022-10-17 10:06:32,641 [JavaFX Application Thread] INFO  marytts.HMMSynthesizer started.
2022-10-17 10:06:32,641 [JavaFX Application Thread] INFO  marytts.Synthesis Module started (ACOUSTPARAMS->AUDIO, locale null).
2022-10-17 10:06:32,642 [JavaFX Application Thread] INFO  marytts.HMMSynthesizer Starting power-on self test.
2022-10-17 10:06:32,684 [JavaFX Application Thread] INFO  marytts.HTSEngine Using prosody from acoustparams.
2022-10-17 10:06:32,688 [JavaFX Application Thread] INFO  marytts.HTSEngine Number of models in sentence numModel=7  Total number of states numState=35
2022-10-17 10:06:32,688 [JavaFX Application Thread] INFO  marytts.HTSEngine Total number of frames=147  Number of voiced frames=89
2022-10-17 10:06:32,699 [JavaFX Application Thread] INFO  marytts.ParameterGeneration Parameter generation for MGC: 
2022-10-17 10:06:32,699 [JavaFX Application Thread] INFO  marytts.PStream Context-dependent global variance optimization: gvLength = 107
2022-10-17 10:06:32,709 [JavaFX Application Thread] INFO  marytts.PStream Gradient GV optimization for feature: (0)  number of iterations=23
2022-10-17 10:06:32,748 [JavaFX Application Thread] INFO  marytts.PStream Gradient GV optimization for feature: (1)  number of iterations=54
2022-10-17 10:06:32,755 [JavaFX Application Thread] INFO  marytts.PStream Gradient GV optimization for feature: (2)  number of iterations=38
2022-10-17 10:06:32,757 [JavaFX Application Thread] INFO  marytts.PStream Gradient GV optimization for feature: (3)  number of iterations=20
2022-10-17 10:06:32,759 [JavaFX Application Thread] INFO  marytts.PStream Gradient GV optimization for feature: (4)  number of iterations=13
2022-10-17 10:06:32,763 [JavaFX Application Thread] INFO  marytts.PStream Gradient GV optimization for feature: (5)  number of iterations=21
2022-10-17 10:06:32,764 [JavaFX Application Thread] INFO  marytts.PStream Gradient GV optimization for feature: (6)  number of iterations=7
2022-10-17 10:06:32,766 [JavaFX Application Thread] INFO  marytts.PStream Gradient GV optimization for feature: (7)  number of iterations=4
2022-10-17 10:06:32,770 [JavaFX Application Thread] INFO  marytts.PStream Gradient GV optimization for feature: (8)  number of iterations=11
2022-10-17 10:06:32,773 [JavaFX Application Thread] INFO  marytts.PStream Gradient GV optimization for feature: (9)  number of iterations=19
2022-10-17 10:06:32,773 [JavaFX Application Thread] INFO  marytts.PStream Gradient GV optimization for feature: (10)  number of iterations=16
2022-10-17 10:06:32,774 [JavaFX Application Thread] INFO  marytts.PStream Gradient GV optimization for feature: (11)  number of iterations=9
2022-10-17 10:06:32,774 [JavaFX Application Thread] INFO  marytts.PStream Gradient GV optimization for feature: (12)  number of iterations=2
2022-10-17 10:06:32,776 [JavaFX Application Thread] INFO  marytts.PStream Gradient GV optimization for feature: (13)  number of iterations=13
2022-10-17 10:06:32,777 [JavaFX Application Thread] INFO  marytts.PStream Gradient GV optimization for feature: (14)  number of iterations=12
2022-10-17 10:06:32,777 [JavaFX Application Thread] INFO  marytts.PStream Gradient GV optimization for feature: (15)  number of iterations=14
2022-10-17 10:06:32,778 [JavaFX Application Thread] INFO  marytts.PStream Gradient GV optimization for feature: (16)  number of iterations=15
2022-10-17 10:06:32,779 [JavaFX Application Thread] INFO  marytts.PStream Gradient GV optimization for feature: (17)  number of iterations=14
2022-10-17 10:06:32,780 [JavaFX Application Thread] INFO  marytts.PStream Gradient GV optimization for feature: (18)  number of iterations=19
2022-10-17 10:06:32,781 [JavaFX Application Thread] INFO  marytts.PStream Gradient GV optimization for feature: (19)  number of iterations=12
2022-10-17 10:06:32,782 [JavaFX Application Thread] INFO  marytts.PStream Gradient GV optimization for feature: (20)  number of iterations=17
2022-10-17 10:06:32,784 [JavaFX Application Thread] INFO  marytts.PStream Gradient GV optimization for feature: (21)  number of iterations=23
2022-10-17 10:06:32,786 [JavaFX Application Thread] INFO  marytts.PStream Gradient GV optimization for feature: (22)  number of iterations=12
2022-10-17 10:06:32,788 [JavaFX Application Thread] INFO  marytts.PStream Gradient GV optimization for feature: (23)  number of iterations=18
2022-10-17 10:06:32,790 [JavaFX Application Thread] INFO  marytts.PStream Gradient GV optimization for feature: (24)  number of iterations=12
2022-10-17 10:06:32,791 [JavaFX Application Thread] INFO  marytts.PStream Gradient GV optimization for feature: (25)  number of iterations=11
2022-10-17 10:06:32,792 [JavaFX Application Thread] INFO  marytts.PStream Gradient GV optimization for feature: (26)  number of iterations=13
2022-10-17 10:06:32,793 [JavaFX Application Thread] INFO  marytts.PStream Gradient GV optimization for feature: (27)  number of iterations=9
2022-10-17 10:06:32,793 [JavaFX Application Thread] INFO  marytts.PStream Gradient GV optimization for feature: (28)  number of iterations=13
2022-10-17 10:06:32,794 [JavaFX Application Thread] INFO  marytts.PStream Gradient GV optimization for feature: (29)  number of iterations=8
2022-10-17 10:06:32,795 [JavaFX Application Thread] INFO  marytts.PStream Gradient GV optimization for feature: (30)  number of iterations=11
2022-10-17 10:06:32,795 [JavaFX Application Thread] INFO  marytts.PStream Gradient GV optimization for feature: (31)  number of iterations=12
2022-10-17 10:06:32,796 [JavaFX Application Thread] INFO  marytts.PStream Gradient GV optimization for feature: (32)  number of iterations=7
2022-10-17 10:06:32,797 [JavaFX Application Thread] INFO  marytts.PStream Gradient GV optimization for feature: (33)  number of iterations=8
2022-10-17 10:06:32,799 [JavaFX Application Thread] INFO  marytts.PStream Gradient GV optimization for feature: (34)  number of iterations=12
2022-10-17 10:06:32,800 [JavaFX Application Thread] INFO  marytts.ParameterGeneration Using f0 from maryXML acoustparams
2022-10-17 10:06:32,803 [JavaFX Application Thread] INFO  marytts.PStream Context-dependent global variance optimization: gvLength = 107
2022-10-17 10:06:32,805 [JavaFX Application Thread] INFO  marytts.PStream Gradient GV optimization for feature: (0)  number of iterations=16
2022-10-17 10:06:32,806 [JavaFX Application Thread] INFO  marytts.PStream Gradient GV optimization for feature: (1)  number of iterations=2
2022-10-17 10:06:32,806 [JavaFX Application Thread] INFO  marytts.PStream Gradient GV optimization for feature: (2)  number of iterations=2
2022-10-17 10:06:32,808 [JavaFX Application Thread] INFO  marytts.PStream Gradient GV optimization for feature: (3)  number of iterations=8
2022-10-17 10:06:32,810 [JavaFX Application Thread] INFO  marytts.PStream Gradient GV optimization for feature: (4)  number of iterations=26
2022-10-17 10:06:32,821 [JavaFX Application Thread] INFO  marytts.HMMSynthesizer Power-on self test complete.
2022-10-17 10:06:32,821 [JavaFX Application Thread] INFO  marytts.TextToMaryXML Module started (TEXT->RAWMARYXML, locale null).
2022-10-17 10:06:32,822 [JavaFX Application Thread] INFO  marytts.TextToMaryXML Starting power-on self test.
2022-10-17 10:06:32,822 [JavaFX Application Thread] WARN  marytts.TextToMaryXML Locale is null, overriding with en_US
2022-10-17 10:06:32,823 [JavaFX Application Thread] WARN  marytts.TextToMaryXML Locale is null, overriding with en_US
2022-10-17 10:06:32,823 [JavaFX Application Thread] INFO  marytts.TextToMaryXML Power-on self test complete.
2022-10-17 10:06:33,284 [JavaFX Application Thread] INFO  marytts.SableParser Module started (SABLE->RAWMARYXML, locale null).
2022-10-17 10:06:33,284 [JavaFX Application Thread] INFO  marytts.SableParser Starting power-on self test.
2022-10-17 10:06:33,284 [JavaFX Application Thread] INFO  marytts.SableParser Power-on self test complete.
2022-10-17 10:06:33,402 [JavaFX Application Thread] INFO  marytts.SSMLParser Module started (SSML->RAWMARYXML, locale null).
2022-10-17 10:06:33,402 [JavaFX Application Thread] INFO  marytts.SSMLParser Starting power-on self test.
2022-10-17 10:06:33,402 [JavaFX Application Thread] INFO  marytts.SSMLParser Power-on self test complete.
2022-10-17 10:06:33,507 [JavaFX Application Thread] INFO  marytts.APMLParser Module started (APML->RAWMARYXML, locale null).
2022-10-17 10:06:33,507 [JavaFX Application Thread] INFO  marytts.APMLParser Starting power-on self test.
2022-10-17 10:06:33,508 [JavaFX Application Thread] INFO  marytts.APMLParser Power-on self test complete.
2022-10-17 10:06:33,562 [JavaFX Application Thread] INFO  marytts.EmotionmlParser Module started (EMOTIONML->RAWMARYXML, locale null).
2022-10-17 10:06:33,562 [JavaFX Application Thread] INFO  marytts.EmotionmlParser Starting power-on self test.
2022-10-17 10:06:33,562 [JavaFX Application Thread] INFO  marytts.EmotionmlParser Power-on self test complete.
2022-10-17 10:06:33,562 [JavaFX Application Thread] INFO  marytts.JTokeniser Module started (RAWMARYXML->TOKENS, locale null).
